<?xml version="1.0" encoding="UTF-8"?>
<testng-results ignored="0" total="7" passed="6" failed="1" skipped="0">
  <reporter-output>
  </reporter-output>
  <suite started-at="2024-11-01T21:50:23 CDT" name="Suite" finished-at="2024-11-01T21:51:26 CDT" duration-ms="62686">
    <groups>
    </groups>
    <test started-at="2024-11-01T21:50:23 CDT" name="Salesforce User Menu Tests" finished-at="2024-11-01T21:50:59 CDT" duration-ms="35587">
      <class name="com.automation.Testscripts_usermenu.Automationscripts1_1">
        <test-method is-config="true" signature="setupBeforeMethod(org.testng.ITestContext)[pri:0, instance:com.automation.Testscripts_usermenu.Automationscripts1_1@6a62689d]" started-at="2024-11-01T21:50:23 CDT" name="setupBeforeMethod" finished-at="2024-11-01T21:50:25 CDT" duration-ms="1848" status="PASS">
          <params>
            <param index="0">
              <value>
                <![CDATA[org.testng.TestRunner@77896335]]>
              </value>
            </param>
          </params>
          <reporter-output>
          </reporter-output>
        </test-method> <!-- setupBeforeMethod -->
        <test-method is-config="true" signature="setupTest(java.lang.reflect.Method)[pri:0, instance:com.automation.Testscripts_usermenu.Automationscripts1_1@6a62689d]" started-at="2024-11-01T21:50:25 CDT" name="setupTest" finished-at="2024-11-01T21:50:25 CDT" duration-ms="16" status="PASS">
          <params>
            <param index="0">
              <value>
                <![CDATA[public void com.automation.Testscripts_usermenu.Automationscripts1_1.testforDeveloperConsole_Usermenu() throws java.lang.InterruptedException]]>
              </value>
            </param>
          </params>
          <reporter-output>
          </reporter-output>
        </test-method> <!-- setupTest -->
        <test-method signature="testforDeveloperConsole_Usermenu()[pri:0, instance:com.automation.Testscripts_usermenu.Automationscripts1_1@6a62689d]" started-at="2024-11-01T21:50:25 CDT" name="testforDeveloperConsole_Usermenu" finished-at="2024-11-01T21:50:33 CDT" duration-ms="7852" status="PASS">
          <reporter-output>
          </reporter-output>
        </test-method> <!-- testforDeveloperConsole_Usermenu -->
        <test-method is-config="true" signature="tearDown()[pri:0, instance:com.automation.Testscripts_usermenu.Automationscripts1_1@6a62689d]" started-at="2024-11-01T21:50:33 CDT" name="tearDown" finished-at="2024-11-01T21:50:33 CDT" duration-ms="234" status="PASS">
          <reporter-output>
          </reporter-output>
        </test-method> <!-- tearDown -->
        <test-method is-config="true" signature="setupAfterMethod()[pri:0, instance:com.automation.Testscripts_usermenu.Automationscripts1_1@6a62689d]" started-at="2024-11-01T21:50:33 CDT" name="setupAfterMethod" finished-at="2024-11-01T21:50:35 CDT" duration-ms="1469" status="PASS">
          <reporter-output>
          </reporter-output>
        </test-method> <!-- setupAfterMethod -->
        <test-method is-config="true" signature="setupBeforeMethod(org.testng.ITestContext)[pri:0, instance:com.automation.Testscripts_usermenu.Automationscripts1_1@6a62689d]" started-at="2024-11-01T21:50:35 CDT" name="setupBeforeMethod" finished-at="2024-11-01T21:50:36 CDT" duration-ms="1135" status="PASS">
          <params>
            <param index="0">
              <value>
                <![CDATA[org.testng.TestRunner@77896335]]>
              </value>
            </param>
          </params>
          <reporter-output>
          </reporter-output>
        </test-method> <!-- setupBeforeMethod -->
        <test-method is-config="true" signature="setupTest(java.lang.reflect.Method)[pri:0, instance:com.automation.Testscripts_usermenu.Automationscripts1_1@6a62689d]" started-at="2024-11-01T21:50:36 CDT" name="setupTest" finished-at="2024-11-01T21:50:36 CDT" duration-ms="1" status="PASS">
          <params>
            <param index="0">
              <value>
                <![CDATA[public void com.automation.Testscripts_usermenu.Automationscripts1_1.testforlogout_Usermenu() throws java.lang.InterruptedException]]>
              </value>
            </param>
          </params>
          <reporter-output>
          </reporter-output>
        </test-method> <!-- setupTest -->
        <test-method signature="testforlogout_Usermenu()[pri:0, instance:com.automation.Testscripts_usermenu.Automationscripts1_1@6a62689d]" started-at="2024-11-01T21:50:36 CDT" name="testforlogout_Usermenu" finished-at="2024-11-01T21:50:49 CDT" duration-ms="13151" status="FAIL">
          <exception class="java.lang.AssertionError">
            <message>
              <![CDATA[Logout failed or URL mismatch. expected [https://tekarch79-dev-ed.develop.my.salesforce/] but found [https://tekarch79-dev-ed.develop.my.salesforce.com/]]]>
            </message>
            <full-stacktrace>
              <![CDATA[java.lang.AssertionError: Logout failed or URL mismatch. expected [https://tekarch79-dev-ed.develop.my.salesforce/] but found [https://tekarch79-dev-ed.develop.my.salesforce.com/]
at org.testng.Assert.fail(Assert.java:99)
at org.testng.Assert.failNotEquals(Assert.java:1037)
at org.testng.Assert.assertEqualsImpl(Assert.java:140)
at org.testng.Assert.assertEquals(Assert.java:122)
at org.testng.Assert.assertEquals(Assert.java:629)
at com.automation.Testscripts_usermenu.Automationscripts1_1.testforlogout_Usermenu(Automationscripts1_1.java:143)
at java.base/jdk.internal.reflect.DirectMethodHandleAccessor.invoke(DirectMethodHandleAccessor.java:103)
at java.base/java.lang.reflect.Method.invoke(Method.java:580)
at org.testng.internal.MethodInvocationHelper.invokeMethod(MethodInvocationHelper.java:133)
at org.testng.internal.TestInvoker.invokeMethod(TestInvoker.java:598)
at org.testng.internal.TestInvoker.invokeTestMethod(TestInvoker.java:173)
at org.testng.internal.MethodRunner.runInSequence(MethodRunner.java:46)
at org.testng.internal.TestInvoker$MethodInvocationAgent.invoke(TestInvoker.java:824)
at org.testng.internal.TestInvoker.invokeTestMethods(TestInvoker.java:146)
at org.testng.internal.TestMethodWorker.invokeTestMethods(TestMethodWorker.java:146)
at org.testng.internal.TestMethodWorker.run(TestMethodWorker.java:128)
at java.base/java.util.ArrayList.forEach(ArrayList.java:1597)
at org.testng.TestRunner.privateRun(TestRunner.java:794)
at org.testng.TestRunner.run(TestRunner.java:596)
at org.testng.SuiteRunner.runTest(SuiteRunner.java:377)
at org.testng.SuiteRunner.runSequentially(SuiteRunner.java:371)
at org.testng.SuiteRunner.privateRun(SuiteRunner.java:332)
at org.testng.SuiteRunner.run(SuiteRunner.java:276)
at org.testng.SuiteRunnerWorker.runSuite(SuiteRunnerWorker.java:53)
at org.testng.SuiteRunnerWorker.run(SuiteRunnerWorker.java:96)
at org.testng.TestNG.runSuitesSequentially(TestNG.java:1212)
at org.testng.TestNG.runSuitesLocally(TestNG.java:1134)
at org.testng.TestNG.runSuites(TestNG.java:1063)
at org.testng.TestNG.run(TestNG.java:1031)
at org.testng.remote.AbstractRemoteTestNG.run(AbstractRemoteTestNG.java:115)
at org.testng.remote.RemoteTestNG.initAndRun(RemoteTestNG.java:293)
at org.testng.remote.RemoteTestNG.main(RemoteTestNG.java:91)
]]>
            </full-stacktrace>
          </exception> <!-- java.lang.AssertionError -->
          <reporter-output>
          </reporter-output>
        </test-method> <!-- testforlogout_Usermenu -->
        <test-method is-config="true" signature="tearDown()[pri:0, instance:com.automation.Testscripts_usermenu.Automationscripts1_1@6a62689d]" started-at="2024-11-01T21:50:49 CDT" name="tearDown" finished-at="2024-11-01T21:50:49 CDT" duration-ms="20" status="PASS">
          <reporter-output>
          </reporter-output>
        </test-method> <!-- tearDown -->
        <test-method is-config="true" signature="setupAfterMethod()[pri:0, instance:com.automation.Testscripts_usermenu.Automationscripts1_1@6a62689d]" started-at="2024-11-01T21:50:49 CDT" name="setupAfterMethod" finished-at="2024-11-01T21:50:50 CDT" duration-ms="1438" status="PASS">
          <reporter-output>
          </reporter-output>
        </test-method> <!-- setupAfterMethod -->
        <test-method is-config="true" signature="setupBeforeMethod(org.testng.ITestContext)[pri:0, instance:com.automation.Testscripts_usermenu.Automationscripts1_1@6a62689d]" started-at="2024-11-01T21:50:50 CDT" name="setupBeforeMethod" finished-at="2024-11-01T21:50:52 CDT" duration-ms="1186" status="PASS">
          <params>
            <param index="0">
              <value>
                <![CDATA[org.testng.TestRunner@77896335]]>
              </value>
            </param>
          </params>
          <reporter-output>
          </reporter-output>
        </test-method> <!-- setupBeforeMethod -->
        <test-method is-config="true" signature="setupTest(java.lang.reflect.Method)[pri:0, instance:com.automation.Testscripts_usermenu.Automationscripts1_1@6a62689d]" started-at="2024-11-01T21:50:52 CDT" name="setupTest" finished-at="2024-11-01T21:50:52 CDT" duration-ms="1" status="PASS">
          <params>
            <param index="0">
              <value>
                <![CDATA[public void com.automation.Testscripts_usermenu.Automationscripts1_1.testforusername_Usermenu()]]>
              </value>
            </param>
          </params>
          <reporter-output>
          </reporter-output>
        </test-method> <!-- setupTest -->
        <test-method signature="testforusername_Usermenu()[pri:0, instance:com.automation.Testscripts_usermenu.Automationscripts1_1@6a62689d]" started-at="2024-11-01T21:50:52 CDT" name="testforusername_Usermenu" finished-at="2024-11-01T21:50:57 CDT" duration-ms="5589" status="PASS">
          <reporter-output>
          </reporter-output>
        </test-method> <!-- testforusername_Usermenu -->
        <test-method is-config="true" signature="tearDown()[pri:0, instance:com.automation.Testscripts_usermenu.Automationscripts1_1@6a62689d]" started-at="2024-11-01T21:50:57 CDT" name="tearDown" finished-at="2024-11-01T21:50:57 CDT" duration-ms="63" status="PASS">
          <reporter-output>
          </reporter-output>
        </test-method> <!-- tearDown -->
        <test-method is-config="true" signature="setupAfterMethod()[pri:0, instance:com.automation.Testscripts_usermenu.Automationscripts1_1@6a62689d]" started-at="2024-11-01T21:50:57 CDT" name="setupAfterMethod" finished-at="2024-11-01T21:50:59 CDT" duration-ms="1518" status="PASS">
          <reporter-output>
          </reporter-output>
        </test-method> <!-- setupAfterMethod -->
      </class> <!-- com.automation.Testscripts_usermenu.Automationscripts1_1 -->
    </test> <!-- Salesforce User Menu Tests -->
    <test started-at="2024-11-01T21:50:59 CDT" name="Salesforce SFDC" finished-at="2024-11-01T21:51:26 CDT" duration-ms="27080">
      <class name="com.automation.Testscripts_SFDC.Automationscripts2_2">
        <test-method is-config="true" signature="setupBeforeMethod(org.testng.ITestContext)[pri:0, instance:com.automation.Testscripts_SFDC.Automationscripts2_2@6e9319f]" started-at="2024-11-01T21:50:59 CDT" name="setupBeforeMethod" finished-at="2024-11-01T21:51:00 CDT" duration-ms="1167" status="PASS">
          <params>
            <param index="0">
              <value>
                <![CDATA[org.testng.TestRunner@66756662]]>
              </value>
            </param>
          </params>
          <reporter-output>
          </reporter-output>
        </test-method> <!-- setupBeforeMethod -->
        <test-method is-config="true" signature="setupTest(java.lang.reflect.Method)[pri:0, instance:com.automation.Testscripts_SFDC.Automationscripts2_2@6e9319f]" started-at="2024-11-01T21:51:00 CDT" name="setupTest" finished-at="2024-11-01T21:51:00 CDT" duration-ms="1" status="PASS">
          <params>
            <param index="0">
              <value>
                <![CDATA[public void com.automation.Testscripts_SFDC.Automationscripts2_2.testForgotPasswordFunctionality() throws java.lang.InterruptedException]]>
              </value>
            </param>
          </params>
          <reporter-output>
          </reporter-output>
        </test-method> <!-- setupTest -->
        <test-method signature="testForgotPasswordFunctionality()[pri:0, instance:com.automation.Testscripts_SFDC.Automationscripts2_2@6e9319f]" started-at="2024-11-01T21:51:00 CDT" name="testForgotPasswordFunctionality" finished-at="2024-11-01T21:51:05 CDT" duration-ms="4972" status="PASS">
          <reporter-output>
          </reporter-output>
        </test-method> <!-- testForgotPasswordFunctionality -->
        <test-method is-config="true" signature="tearDown()[pri:0, instance:com.automation.Testscripts_SFDC.Automationscripts2_2@6e9319f]" started-at="2024-11-01T21:51:05 CDT" name="tearDown" finished-at="2024-11-01T21:51:06 CDT" duration-ms="1311" status="PASS">
          <reporter-output>
          </reporter-output>
        </test-method> <!-- tearDown -->
        <test-method is-config="true" signature="setupAfterMethod()[pri:0, instance:com.automation.Testscripts_SFDC.Automationscripts2_2@6e9319f]" started-at="2024-11-01T21:51:06 CDT" name="setupAfterMethod" finished-at="2024-11-01T21:51:06 CDT" duration-ms="1" status="PASS">
          <reporter-output>
          </reporter-output>
        </test-method> <!-- setupAfterMethod -->
        <test-method is-config="true" signature="setupBeforeMethod(org.testng.ITestContext)[pri:0, instance:com.automation.Testscripts_SFDC.Automationscripts2_2@6e9319f]" started-at="2024-11-01T21:51:06 CDT" name="setupBeforeMethod" finished-at="2024-11-01T21:51:07 CDT" duration-ms="1162" status="PASS">
          <params>
            <param index="0">
              <value>
                <![CDATA[org.testng.TestRunner@66756662]]>
              </value>
            </param>
          </params>
          <reporter-output>
          </reporter-output>
        </test-method> <!-- setupBeforeMethod -->
        <test-method signature="testforPassword_SFDC()[pri:0, instance:com.automation.Testscripts_SFDC.Automationscripts2_2@6e9319f]" started-at="2024-11-01T21:51:07 CDT" name="testforPassword_SFDC" finished-at="2024-11-01T21:51:10 CDT" duration-ms="3121" status="PASS">
          <reporter-output>
          </reporter-output>
        </test-method> <!-- testforPassword_SFDC -->
        <test-method is-config="true" signature="setupTest(java.lang.reflect.Method)[pri:0, instance:com.automation.Testscripts_SFDC.Automationscripts2_2@6e9319f]" started-at="2024-11-01T21:51:07 CDT" name="setupTest" finished-at="2024-11-01T21:51:07 CDT" duration-ms="0" status="PASS">
          <params>
            <param index="0">
              <value>
                <![CDATA[public void com.automation.Testscripts_SFDC.Automationscripts2_2.testforPassword_SFDC() throws java.lang.InterruptedException]]>
              </value>
            </param>
          </params>
          <reporter-output>
          </reporter-output>
        </test-method> <!-- setupTest -->
        <test-method is-config="true" signature="tearDown()[pri:0, instance:com.automation.Testscripts_SFDC.Automationscripts2_2@6e9319f]" started-at="2024-11-01T21:51:10 CDT" name="tearDown" finished-at="2024-11-01T21:51:12 CDT" duration-ms="1438" status="PASS">
          <reporter-output>
          </reporter-output>
        </test-method> <!-- tearDown -->
        <test-method is-config="true" signature="setupAfterMethod()[pri:0, instance:com.automation.Testscripts_SFDC.Automationscripts2_2@6e9319f]" started-at="2024-11-01T21:51:12 CDT" name="setupAfterMethod" finished-at="2024-11-01T21:51:12 CDT" duration-ms="1" status="PASS">
          <reporter-output>
          </reporter-output>
        </test-method> <!-- setupAfterMethod -->
        <test-method is-config="true" signature="setupBeforeMethod(org.testng.ITestContext)[pri:0, instance:com.automation.Testscripts_SFDC.Automationscripts2_2@6e9319f]" started-at="2024-11-01T21:51:12 CDT" name="setupBeforeMethod" finished-at="2024-11-01T21:51:13 CDT" duration-ms="1185" status="PASS">
          <params>
            <param index="0">
              <value>
                <![CDATA[org.testng.TestRunner@66756662]]>
              </value>
            </param>
          </params>
          <reporter-output>
          </reporter-output>
        </test-method> <!-- setupBeforeMethod -->
        <test-method is-config="true" signature="setupTest(java.lang.reflect.Method)[pri:0, instance:com.automation.Testscripts_SFDC.Automationscripts2_2@6e9319f]" started-at="2024-11-01T21:51:13 CDT" name="setupTest" finished-at="2024-11-01T21:51:13 CDT" duration-ms="1" status="PASS">
          <params>
            <param index="0">
              <value>
                <![CDATA[public void com.automation.Testscripts_SFDC.Automationscripts2_2.testforRemebermecheckBOX_SFDC() throws java.lang.InterruptedException]]>
              </value>
            </param>
          </params>
          <reporter-output>
          </reporter-output>
        </test-method> <!-- setupTest -->
        <test-method signature="testforRemebermecheckBOX_SFDC()[pri:0, instance:com.automation.Testscripts_SFDC.Automationscripts2_2@6e9319f]" started-at="2024-11-01T21:51:13 CDT" name="testforRemebermecheckBOX_SFDC" finished-at="2024-11-01T21:51:18 CDT" duration-ms="5183" status="PASS">
          <reporter-output>
          </reporter-output>
        </test-method> <!-- testforRemebermecheckBOX_SFDC -->
        <test-method is-config="true" signature="tearDown()[pri:0, instance:com.automation.Testscripts_SFDC.Automationscripts2_2@6e9319f]" started-at="2024-11-01T21:51:18 CDT" name="tearDown" finished-at="2024-11-01T21:51:20 CDT" duration-ms="1448" status="PASS">
          <reporter-output>
          </reporter-output>
        </test-method> <!-- tearDown -->
        <test-method is-config="true" signature="setupAfterMethod()[pri:0, instance:com.automation.Testscripts_SFDC.Automationscripts2_2@6e9319f]" started-at="2024-11-01T21:51:20 CDT" name="setupAfterMethod" finished-at="2024-11-01T21:51:20 CDT" duration-ms="1" status="PASS">
          <reporter-output>
          </reporter-output>
        </test-method> <!-- setupAfterMethod -->
        <test-method is-config="true" signature="setupBeforeMethod(org.testng.ITestContext)[pri:0, instance:com.automation.Testscripts_SFDC.Automationscripts2_2@6e9319f]" started-at="2024-11-01T21:51:20 CDT" name="setupBeforeMethod" finished-at="2024-11-01T21:51:21 CDT" duration-ms="1158" status="PASS">
          <params>
            <param index="0">
              <value>
                <![CDATA[org.testng.TestRunner@66756662]]>
              </value>
            </param>
          </params>
          <reporter-output>
          </reporter-output>
        </test-method> <!-- setupBeforeMethod -->
        <test-method is-config="true" signature="setupTest(java.lang.reflect.Method)[pri:0, instance:com.automation.Testscripts_SFDC.Automationscripts2_2@6e9319f]" started-at="2024-11-01T21:51:21 CDT" name="setupTest" finished-at="2024-11-01T21:51:21 CDT" duration-ms="1" status="PASS">
          <params>
            <param index="0">
              <value>
                <![CDATA[public void com.automation.Testscripts_SFDC.Automationscripts2_2.testforSalesforceLoginPage_SFDC() throws java.lang.InterruptedException]]>
              </value>
            </param>
          </params>
          <reporter-output>
          </reporter-output>
        </test-method> <!-- setupTest -->
        <test-method signature="testforSalesforceLoginPage_SFDC()[pri:0, instance:com.automation.Testscripts_SFDC.Automationscripts2_2@6e9319f]" started-at="2024-11-01T21:51:21 CDT" name="testforSalesforceLoginPage_SFDC" finished-at="2024-11-01T21:51:24 CDT" duration-ms="3476" status="PASS">
          <reporter-output>
          </reporter-output>
        </test-method> <!-- testforSalesforceLoginPage_SFDC -->
        <test-method is-config="true" signature="tearDown()[pri:0, instance:com.automation.Testscripts_SFDC.Automationscripts2_2@6e9319f]" started-at="2024-11-01T21:51:24 CDT" name="tearDown" finished-at="2024-11-01T21:51:26 CDT" duration-ms="1442" status="PASS">
          <reporter-output>
          </reporter-output>
        </test-method> <!-- tearDown -->
        <test-method is-config="true" signature="setupAfterMethod()[pri:0, instance:com.automation.Testscripts_SFDC.Automationscripts2_2@6e9319f]" started-at="2024-11-01T21:51:26 CDT" name="setupAfterMethod" finished-at="2024-11-01T21:51:26 CDT" duration-ms="0" status="PASS">
          <reporter-output>
          </reporter-output>
        </test-method> <!-- setupAfterMethod -->
      </class> <!-- com.automation.Testscripts_SFDC.Automationscripts2_2 -->
    </test> <!-- Salesforce SFDC -->
  </suite> <!-- Suite -->
</testng-results>
